<?xml version="1.0" encoding="UTF-8"?>
<!-- Generated by org.testng.reporters.JUnitReportReporter -->
<testsuite hostname="Sarikas-MacBook-Pro.local" name="orangeHRM.testcases.DepartmentScenarios" tests="2" failures="0" timestamp="30 May 2020 04:54:52 GMT" time="13.169" errors="0">
  <testcase name="TC_001_Departments_Page_Create" time="13.002" classname="orangeHRM.testcases.DepartmentScenarios"/>
  <testcase name="verifyPage" time="0.167" classname="orangeHRM.testcases.DepartmentScenarios"/>
</testsuite> <!-- orangeHRM.testcases.DepartmentScenarios -->
