<?xml version="1.0" encoding="UTF-8"?>
<!-- Generated by org.testng.reporters.JUnitReportReporter -->
<testsuite hostname="Sarikas-MacBook-Pro.local" name="orangeHRM.testcases.ContactUsScenarios" tests="1" failures="0" timestamp="10 Jun 2020 03:32:46 GMT" time="0.462" errors="0">
  <testcase name="verifyPage" time="0.462" classname="orangeHRM.testcases.ContactUsScenarios"/>
</testsuite> <!-- orangeHRM.testcases.ContactUsScenarios -->
