<?xml version="1.0" encoding="UTF-8"?>
<!-- Generated by org.testng.reporters.JUnitReportReporter -->
<testsuite hostname="EQ-MAC-25.local" failures="0" tests="3" name="eqcare.testcases.HomeScenarios" time="18.173" errors="0" timestamp="2020-07-31T11:58:58 EDT" skipped="1">
  <testcase classname="eqcare.testcases.HomeScenarios" name="loginToApplication" time="4.039"/>
  <system-out/>
  <testcase classname="eqcare.testcases.HomeScenarios" name="startVideoConsultation" time="14.134"/>
  <system-out/>
  <testcase classname="eqcare.testcases.HomeScenarios" name="clinicApp">
    <skipped/>
  </testcase> <!-- clinicApp -->
  <system-out/>
</testsuite> <!-- eqcare.testcases.HomeScenarios -->
