<?xml version="1.0" encoding="UTF-8"?>
<!-- Generated by org.testng.reporters.JUnitReportReporter -->
<testsuite skipped="0" hostname="DESKTOP-8OBLECF" name="orangeHRM.testcases.LoginScenarios2" tests="3" failures="0" timestamp="10 Jan 2020 18:31:58 GMT" time="8.545" errors="0">
  <testcase name="verifyPage" time="1.245" classname="orangeHRM.testcases.LoginScenarios2"/>
  <testcase name="loginToApplication" time="5.438" classname="orangeHRM.testcases.LoginScenarios2"/>
  <testcase name="logoutFromApplication" time="1.862" classname="orangeHRM.testcases.LoginScenarios2"/>
</testsuite> <!-- orangeHRM.testcases.LoginScenarios2 -->
