<?xml version="1.0" encoding="UTF-8"?>
<!-- Generated by org.testng.reporters.JUnitReportReporter -->
<testsuite hostname="EQ-MAC-25.local" failures="0" tests="1" name="eqcare.testcases.LoginScenarios" time="5.867" errors="0" timestamp="2020-08-07T23:56:56 EDT" skipped="0">
  <testcase classname="eqcare.testcases.LoginScenarios" name="loginToApplication" time="5.867"/>
  <system-out/>
</testsuite> <!-- eqcare.testcases.LoginScenarios -->
