<?xml version="1.0" encoding="UTF-8"?>
<!-- Generated by org.testng.reporters.JUnitReportReporter -->
<testsuite hostname="Sarikas-MacBook-Pro.local" name="walshIntegrated.testcases.UpdateDepartmentScenarios2" tests="2" failures="0" timestamp="4 Jun 2020 17:16:39 GMT" time="24.588" errors="0">
  <testcase name="verifyPage" time="0.349" classname="walshIntegrated.testcases.UpdateDepartmentScenarios2"/>
  <testcase name="TC_02_Department_Update" time="24.239" classname="walshIntegrated.testcases.UpdateDepartmentScenarios2"/>
</testsuite> <!-- walshIntegrated.testcases.UpdateDepartmentScenarios2 -->
